<?xml version="1.0" encoding="UTF-8"?>
<!-- Generated by org.testng.reporters.JUnitReportReporter -->
<testsuite skipped="1" hostname="DESKTOP-RAK9CJC" name="TestForm.Testf" tests="2" failures="0" timestamp="10 jun 2021 21:29:20 GMT" time="10.670" errors="0">
  <testcase name="form" time="10.670" classname="TestForm.Testf"/>
  <testcase name="form" classname="TestForm.Testf">
    <skipped/>
  </testcase> <!-- form -->
</testsuite> <!-- TestForm.Testf -->
