<?xml version="1.0" encoding="UTF-8"?>
<!-- Generated by org.testng.reporters.JUnitReportReporter -->
<testsuite skipped="0" hostname="DESKTOP-RAK9CJC" name="TestUsuario.UsuarioTest3" tests="1" failures="0" timestamp="08 jun 2021 20:51:17 GMT" time="34.038" errors="0">
  <testcase name="testEliminaUser" time="34.038" classname="TestUsuario.UsuarioTest3"/>
</testsuite> <!-- TestUsuario.UsuarioTest3 -->
