<?xml version="1.0" encoding="UTF-8"?>
<!-- Generated by org.testng.reporters.JUnitReportReporter -->
<testsuite skipped="0" hostname="DESKTOP-RAK9CJC" name="com.project.pom.Pom2" tests="1" failures="0" timestamp="20 may 2021 23:33:34 GMT" time="17.106" errors="0">
  <testcase name="edicion" time="17.106" classname="com.project.pom.Pom2"/>
</testsuite> <!-- com.project.pom.Pom2 -->
