<?xml version="1.0" encoding="UTF-8"?>
<!-- Generated by org.testng.reporters.JUnitReportReporter -->
<testsuite skipped="0" hostname="DESKTOP-RAK9CJC" name="TestCliente.Test1" tests="1" failures="0" timestamp="10 jun 2021 20:15:48 GMT" time="35.804" errors="0">
  <testcase name="prueba" time="35.804" classname="TestCliente.Test1"/>
</testsuite> <!-- TestCliente.Test1 -->
