<?xml version="1.0" encoding="UTF-8"?>
<!-- Generated by org.testng.reporters.JUnitReportReporter -->
<testsuite skipped="0" hostname="DESKTOP-RAK9CJC" name="com.project.pom.UsuarioTest3" tests="1" failures="0" timestamp="21 may 2021 13:28:09 GMT" time="30.509" errors="0">
  <testcase name="testEliminaUser" time="30.509" classname="com.project.pom.UsuarioTest3"/>
</testsuite> <!-- com.project.pom.UsuarioTest3 -->
