<?xml version="1.0" encoding="UTF-8"?>
<!-- Generated by org.testng.reporters.JUnitReportReporter -->
<testsuite skipped="0" hostname="DESKTOP-RAK9CJC" name="com.project.pom.Pom" tests="1" failures="0" timestamp="21 may 2021 00:23:47 GMT" time="17.246" errors="0">
  <testcase name="prueba" time="17.246" classname="com.project.pom.Pom"/>
</testsuite> <!-- com.project.pom.Pom -->
