<?xml version="1.0" encoding="UTF-8"?>
<!-- Generated by org.testng.reporters.JUnitReportReporter -->
<testsuite skipped="1" hostname="DESKTOP-RAK9CJC" name="TestMenu.Testm" tests="2" failures="0" timestamp="10 jun 2021 17:05:07 GMT" time="10.687" errors="0">
  <testcase name="testMenu" time="10.687" classname="TestMenu.Testm"/>
  <testcase name="testMenu" classname="TestMenu.Testm">
    <skipped/>
  </testcase> <!-- testMenu -->
</testsuite> <!-- TestMenu.Testm -->
