<?xml version="1.0" encoding="UTF-8"?>
<!-- Generated by org.testng.reporters.JUnitReportReporter -->
<testsuite skipped="0" hostname="DESKTOP-RAK9CJC" name="TestCliente.Test3" tests="2" failures="0" timestamp="10 jun 2021 21:54:48 GMT" time="33.102" errors="0">
  <testcase name="eliminacion" time="0.007" classname="TestCliente.Test3"/>
  <testcase name="eliminacionpt2" time="33.095" classname="TestCliente.Test3"/>
</testsuite> <!-- TestCliente.Test3 -->
