<?xml version="1.0" encoding="UTF-8"?>
<!-- Generated by org.testng.reporters.JUnitReportReporter -->
<testsuite skipped="0" hostname="DESKTOP-RAK9CJC" name="TestCliente.Test4" tests="1" failures="0" timestamp="10 jun 2021 21:57:40 GMT" time="13.360" errors="0">
  <testcase name="sort" time="13.360" classname="TestCliente.Test4"/>
</testsuite> <!-- TestCliente.Test4 -->
