<?xml version="1.0" encoding="UTF-8"?>
<!-- Generated by org.testng.reporters.JUnitReportReporter -->
<testsuite skipped="0" hostname="DESKTOP-RAK9CJC" name="TestCliente.Test5" tests="1" failures="0" timestamp="10 jun 2021 22:00:03 GMT" time="21.075" errors="0">
  <testcase name="filtros" time="21.075" classname="TestCliente.Test5"/>
</testsuite> <!-- TestCliente.Test5 -->
