<?xml version="1.0" encoding="UTF-8"?>
<!-- Generated by org.testng.reporters.JUnitReportReporter -->
<testsuite skipped="0" hostname="DESKTOP-RAK9CJC" name="com.testcreativa.ejercicio.Testexample" tests="1" failures="0" timestamp="20 may 2021 04:36:08 GMT" time="0.165" errors="0">
  <testcase name="pruebas" time="0.165" classname="com.testcreativa.ejercicio.Testexample"/>
</testsuite> <!-- com.testcreativa.ejercicio.Testexample -->
