<?xml version="1.0" encoding="UTF-8"?>
<!-- Generated by org.testng.reporters.JUnitReportReporter -->
<testsuite skipped="0" hostname="DESKTOP-RAK9CJC" name="com.project.pom.Pom3" tests="1" failures="0" timestamp="20 may 2021 23:38:06 GMT" time="15.782" errors="0">
  <testcase name="eliminacion" time="15.782" classname="com.project.pom.Pom3"/>
</testsuite> <!-- com.project.pom.Pom3 -->
