<?xml version="1.0" encoding="UTF-8"?>
<!-- Generated by org.testng.reporters.JUnitReportReporter -->
<testsuite skipped="0" hostname="DESKTOP-RAK9CJC" name="com.project.pom.Usuariotest2" tests="1" failures="0" timestamp="21 may 2021 12:58:13 GMT" time="53.393" errors="0">
  <testcase name="testEditaUser" time="53.393" classname="com.project.pom.Usuariotest2"/>
</testsuite> <!-- com.project.pom.Usuariotest2 -->
