<?xml version="1.0" encoding="UTF-8"?>
<!-- Generated by org.testng.reporters.JUnitReportReporter -->
<testsuite skipped="0" hostname="DESKTOP-RAK9CJC" name="com.project.pom.test4" tests="1" failures="0" timestamp="21 may 2021 06:39:57 GMT" time="7.162" errors="0">
  <testcase name="testc" time="7.162" classname="com.project.pom.test4"/>
</testsuite> <!-- com.project.pom.test4 -->
