<?xml version="1.0" encoding="UTF-8"?>
<!-- Generated by org.testng.reporters.JUnitReportReporter -->
<testsuite skipped="0" hostname="DESKTOP-RAK9CJC" name="TestLogin.TestLogueo" tests="1" failures="0" timestamp="23 jun 2021 15:24:35 GMT" time="1.227" errors="0">
  <testcase name="pruebaLogin" time="1.227" classname="TestLogin.TestLogueo"/>
</testsuite> <!-- TestLogin.TestLogueo -->
