<?xml version="1.0" encoding="UTF-8"?>
<!-- Generated by org.testng.reporters.JUnitReportReporter -->
<testsuite skipped="0" hostname="DESKTOP-RAK9CJC" name="com.project.pom.Test1" tests="2" failures="0" timestamp="21 may 2021 09:16:41 GMT" time="37.264" errors="0">
  <testcase name="prueba" time="6.693" classname="com.project.pom.Test1"/>
  <testcase name="pruebax" time="30.571" classname="com.project.pom.Test1"/>
</testsuite> <!-- com.project.pom.Test1 -->
