<?xml version="1.0" encoding="UTF-8"?>
<!-- Generated by org.testng.reporters.JUnitReportReporter -->
<testsuite skipped="0" hostname="DESKTOP-RAK9CJC" name="TestMenu.Test1" tests="1" failures="0" timestamp="10 jun 2021 14:49:24 GMT" time="4.800" errors="0">
  <testcase name="testMenu" time="4.800" classname="TestMenu.Test1"/>
</testsuite> <!-- TestMenu.Test1 -->
