<?xml version="1.0" encoding="UTF-8"?>
<!-- Generated by org.testng.reporters.JUnitReportReporter -->
<testsuite skipped="0" hostname="DESKTOP-RAK9CJC" name="com.project.pom.Test2" tests="2" failures="0" timestamp="21 may 2021 09:20:02 GMT" time="53.654" errors="0">
  <testcase name="edicion" time="27.573" classname="com.project.pom.Test2"/>
  <testcase name="edicionpart2" time="26.081" classname="com.project.pom.Test2"/>
</testsuite> <!-- com.project.pom.Test2 -->
