<?xml version="1.0" encoding="UTF-8"?>
<!-- Generated by org.testng.reporters.JUnitReportReporter -->
<testsuite skipped="0" hostname="DESKTOP-RAK9CJC" name="TestCliente.pru" tests="2" failures="0" timestamp="21 may 2021 21:26:03 GMT" time="39.193" errors="0">
  <testcase name="pruebax" time="0.982" classname="TestCliente.pru"/>
  <testcase name="prueba" time="38.211" classname="TestCliente.pru"/>
</testsuite> <!-- TestCliente.pru -->
