<?xml version="1.0" encoding="UTF-8"?>
<!-- Generated by org.testng.reporters.JUnitReportReporter -->
<testsuite skipped="0" hostname="DESKTOP-RAK9CJC" name="com.project.pom.Test3" tests="1" failures="0" timestamp="21 may 2021 09:15:05 GMT" time="32.641" errors="0">
  <testcase name="eliminacion" time="32.641" classname="com.project.pom.Test3"/>
</testsuite> <!-- com.project.pom.Test3 -->
