<?xml version="1.0" encoding="UTF-8"?>
<!-- Generated by org.testng.reporters.JUnitReportReporter -->
<testsuite skipped="0" hostname="DESKTOP-RAK9CJC" name="com.project.pom.UsuarioTest1" tests="1" failures="0" timestamp="21 may 2021 11:29:33 GMT" time="30.155" errors="0">
  <testcase name="testIngresaUser" time="30.155" classname="com.project.pom.UsuarioTest1"/>
</testsuite> <!-- com.project.pom.UsuarioTest1 -->
