<?xml version="1.0" encoding="UTF-8"?>
<!-- Generated by org.testng.reporters.JUnitReportReporter -->
<testsuite skipped="0" hostname="DESKTOP-RAK9CJC" name="TestCliente.Test2" tests="2" failures="0" timestamp="10 jun 2021 21:33:33 GMT" time="65.851" errors="0">
  <testcase name="edicion" time="31.492" classname="TestCliente.Test2"/>
  <testcase name="edicionpart2" time="34.359" classname="TestCliente.Test2"/>
</testsuite> <!-- TestCliente.Test2 -->
