<?xml version="1.0" encoding="UTF-8"?>
<!-- Generated by org.testng.reporters.JUnitReportReporter -->
<testsuite skipped="0" hostname="DESKTOP-RAK9CJC" name="TestUsuario.Usuariotest2" tests="2" failures="0" timestamp="08 jun 2021 20:51:17 GMT" time="0.006" errors="0">
  <testcase name="testEditaUser" time="0.005" classname="TestUsuario.Usuariotest2"/>
  <testcase name="testEditaUser" time="0.001" classname="TestUsuario.Usuariotest2"/>
</testsuite> <!-- TestUsuario.Usuariotest2 -->
